2026-04-20 19:03:40.563424: I tensorflow/core/util/port.cc:113] oneDNN custom operations are on. You may see slightly different numerical results due to floating-point round-off errors from different computation orders. To turn them off, set the environment variable `TF_ENABLE_ONEDNN_OPTS=0`.
2026-04-20 19:03:40.563690: I external/local_tsl/tsl/cuda/cudart_stub.cc:32] Could not find cuda drivers on your machine, GPU will not be used.
2026-04-20 19:03:40.565885: I external/local_tsl/tsl/cuda/cudart_stub.cc:32] Could not find cuda drivers on your machine, GPU will not be used.
2026-04-20 19:03:40.590728: I tensorflow/core/platform/cpu_feature_guard.cc:210] This TensorFlow binary is optimized to use available CPU instructions in performance-critical operations.
To enable the following instructions: AVX2 AVX_VNNI FMA, in other operations, rebuild TensorFlow with the appropriate compiler flags.
2026-04-20 19:03:43.283688: W tensorflow/compiler/tf2tensorrt/utils/py_utils.cc:38] TF-TRT Warning: Could not find TensorRT
/s/chopin/k/grad/jasoncur/.local/lib/python3.9/site-packages/torchvision/transforms/_functional_pil.py:242: DeprecationWarning: BILINEAR is deprecated and will be removed in Pillow 10 (2023-07-01). Use Resampling.BILINEAR instead.
  interpolation: int = Image.BILINEAR,
/s/chopin/k/grad/jasoncur/.local/lib/python3.9/site-packages/torchvision/transforms/_functional_pil.py:288: DeprecationWarning: NEAREST is deprecated and will be removed in Pillow 10 (2023-07-01). Use Resampling.NEAREST or Dither.NONE instead.
  interpolation: int = Image.NEAREST,
/s/chopin/k/grad/jasoncur/.local/lib/python3.9/site-packages/torchvision/transforms/_functional_pil.py:321: DeprecationWarning: BICUBIC is deprecated and will be removed in Pillow 10 (2023-07-01). Use Resampling.BICUBIC instead.
  interpolation: int = Image.BICUBIC,
Starting Flower Server...
[93mWARNING [0m:   DEPRECATED FEATURE: flwr.server.start_server() is deprecated.
	Instead, use the `flower-superlink` CLI command to start a SuperLink as shown below:

		$ flower-superlink --insecure

	To view usage and all available options, run:

		$ flower-superlink --help

	Using `start_server()` is deprecated.

            This is a deprecated feature. It will be removed
            entirely in future versions of Flower.
        
[92mINFO [0m:      Starting Flower server, config: num_rounds=20, no round_timeout
[92mINFO [0m:      Flower ECE: gRPC server running (20 rounds), SSL is disabled
[92mINFO [0m:      [INIT]
[92mINFO [0m:      Requesting initial parameters from one random client
I0420 19:03:57.737558 1447160 fork_posix.cc:71] Other threads are currently calling into gRPC, skipping fork() handlers
[92mINFO [0m:      Received initial parameters from one random client
[92mINFO [0m:      Starting evaluation of initial global parameters
[92mINFO [0m:      Evaluation returned no results (`None`)
[92mINFO [0m:      
[92mINFO [0m:      [ROUND 1]
[92mINFO [0m:      configure_fit: strategy sampled 3 clients (out of 3)
[92mINFO [0m:      aggregate_fit: received 3 results and 0 failures
[92mINFO [0m:      configure_evaluate: strategy sampled 3 clients (out of 3)
[92mINFO [0m:      aggregate_evaluate: received 3 results and 0 failures
[92mINFO [0m:      
[92mINFO [0m:      [ROUND 2]
[92mINFO [0m:      configure_fit: strategy sampled 3 clients (out of 3)
[92mINFO [0m:      aggregate_fit: received 3 results and 0 failures
[92mINFO [0m:      configure_evaluate: strategy sampled 3 clients (out of 3)
[92mINFO [0m:      aggregate_evaluate: received 3 results and 0 failures
[92mINFO [0m:      
[92mINFO [0m:      [ROUND 3]
[92mINFO [0m:      configure_fit: strategy sampled 3 clients (out of 3)
[92mINFO [0m:      aggregate_fit: received 3 results and 0 failures
[92mINFO [0m:      configure_evaluate: strategy sampled 3 clients (out of 3)
[92mINFO [0m:      aggregate_evaluate: received 3 results and 0 failures
[92mINFO [0m:      
[92mINFO [0m:      [ROUND 4]
[92mINFO [0m:      configure_fit: strategy sampled 3 clients (out of 3)
[92mINFO [0m:      aggregate_fit: received 3 results and 0 failures
[92mINFO [0m:      configure_evaluate: strategy sampled 3 clients (out of 3)
[92mINFO [0m:      aggregate_evaluate: received 3 results and 0 failures
[92mINFO [0m:      
[92mINFO [0m:      [ROUND 5]
[92mINFO [0m:      configure_fit: strategy sampled 3 clients (out of 3)
[92mINFO [0m:      aggregate_fit: received 3 results and 0 failures
[92mINFO [0m:      configure_evaluate: strategy sampled 3 clients (out of 3)
[92mINFO [0m:      aggregate_evaluate: received 3 results and 0 failures
[92mINFO [0m:      
[92mINFO [0m:      [ROUND 6]
[92mINFO [0m:      configure_fit: strategy sampled 3 clients (out of 3)
[92mINFO [0m:      aggregate_fit: received 3 results and 0 failures
[92mINFO [0m:      configure_evaluate: strategy sampled 3 clients (out of 3)
[92mINFO [0m:      aggregate_evaluate: received 3 results and 0 failures
[92mINFO [0m:      
[92mINFO [0m:      [ROUND 7]
[92mINFO [0m:      configure_fit: strategy sampled 3 clients (out of 3)
[92mINFO [0m:      aggregate_fit: received 3 results and 0 failures
[92mINFO [0m:      configure_evaluate: strategy sampled 3 clients (out of 3)
[92mINFO [0m:      aggregate_evaluate: received 3 results and 0 failures
[92mINFO [0m:      
[92mINFO [0m:      [ROUND 8]
[92mINFO [0m:      configure_fit: strategy sampled 3 clients (out of 3)
[92mINFO [0m:      aggregate_fit: received 3 results and 0 failures
[92mINFO [0m:      configure_evaluate: strategy sampled 3 clients (out of 3)
[92mINFO [0m:      aggregate_evaluate: received 3 results and 0 failures
[92mINFO [0m:      
[92mINFO [0m:      [ROUND 9]
[92mINFO [0m:      configure_fit: strategy sampled 3 clients (out of 3)
[92mINFO [0m:      aggregate_fit: received 3 results and 0 failures
[92mINFO [0m:      configure_evaluate: strategy sampled 3 clients (out of 3)
[92mINFO [0m:      aggregate_evaluate: received 3 results and 0 failures
[92mINFO [0m:      
[92mINFO [0m:      [ROUND 10]
[92mINFO [0m:      configure_fit: strategy sampled 3 clients (out of 3)
[92mINFO [0m:      aggregate_fit: received 3 results and 0 failures
[92mINFO [0m:      configure_evaluate: strategy sampled 3 clients (out of 3)
[92mINFO [0m:      aggregate_evaluate: received 3 results and 0 failures
[92mINFO [0m:      
[92mINFO [0m:      [ROUND 11]
[92mINFO [0m:      configure_fit: strategy sampled 3 clients (out of 3)
[92mINFO [0m:      aggregate_fit: received 3 results and 0 failures
[92mINFO [0m:      configure_evaluate: strategy sampled 3 clients (out of 3)
[92mINFO [0m:      aggregate_evaluate: received 3 results and 0 failures
[92mINFO [0m:      
[92mINFO [0m:      [ROUND 12]
[92mINFO [0m:      configure_fit: strategy sampled 3 clients (out of 3)
[92mINFO [0m:      aggregate_fit: received 3 results and 0 failures
[92mINFO [0m:      configure_evaluate: strategy sampled 3 clients (out of 3)
[92mINFO [0m:      aggregate_evaluate: received 3 results and 0 failures
[92mINFO [0m:      
[92mINFO [0m:      [ROUND 13]
[92mINFO [0m:      configure_fit: strategy sampled 3 clients (out of 3)
[92mINFO [0m:      aggregate_fit: received 3 results and 0 failures
[92mINFO [0m:      configure_evaluate: strategy sampled 3 clients (out of 3)
[92mINFO [0m:      aggregate_evaluate: received 3 results and 0 failures
[92mINFO [0m:      
[92mINFO [0m:      [ROUND 14]
[92mINFO [0m:      configure_fit: strategy sampled 3 clients (out of 3)
[92mINFO [0m:      aggregate_fit: received 3 results and 0 failures
[92mINFO [0m:      configure_evaluate: strategy sampled 3 clients (out of 3)
[92mINFO [0m:      aggregate_evaluate: received 3 results and 0 failures
[92mINFO [0m:      
[92mINFO [0m:      [ROUND 15]
[92mINFO [0m:      configure_fit: strategy sampled 3 clients (out of 3)
[92mINFO [0m:      aggregate_fit: received 3 results and 0 failures
[92mINFO [0m:      configure_evaluate: strategy sampled 3 clients (out of 3)
[92mINFO [0m:      aggregate_evaluate: received 3 results and 0 failures
[92mINFO [0m:      
[92mINFO [0m:      [ROUND 16]
[92mINFO [0m:      configure_fit: strategy sampled 3 clients (out of 3)
[92mINFO [0m:      aggregate_fit: received 3 results and 0 failures
[92mINFO [0m:      configure_evaluate: strategy sampled 3 clients (out of 3)
[92mINFO [0m:      aggregate_evaluate: received 3 results and 0 failures
[92mINFO [0m:      
[92mINFO [0m:      [ROUND 17]
[92mINFO [0m:      configure_fit: strategy sampled 3 clients (out of 3)
[92mINFO [0m:      aggregate_fit: received 3 results and 0 failures
[92mINFO [0m:      configure_evaluate: strategy sampled 3 clients (out of 3)
[92mINFO [0m:      aggregate_evaluate: received 3 results and 0 failures
[92mINFO [0m:      
[92mINFO [0m:      [ROUND 18]
[92mINFO [0m:      configure_fit: strategy sampled 3 clients (out of 3)
[92mINFO [0m:      aggregate_fit: received 3 results and 0 failures
[92mINFO [0m:      configure_evaluate: strategy sampled 3 clients (out of 3)
[92mINFO [0m:      aggregate_evaluate: received 3 results and 0 failures
[92mINFO [0m:      
[92mINFO [0m:      [ROUND 19]
[92mINFO [0m:      configure_fit: strategy sampled 3 clients (out of 3)
[92mINFO [0m:      aggregate_fit: received 3 results and 0 failures
[92mINFO [0m:      configure_evaluate: strategy sampled 3 clients (out of 3)
[92mINFO [0m:      aggregate_evaluate: received 3 results and 0 failures
[92mINFO [0m:      
[92mINFO [0m:      [ROUND 20]
[92mINFO [0m:      configure_fit: strategy sampled 3 clients (out of 3)
[92mINFO [0m:      aggregate_fit: received 3 results and 0 failures
[92mINFO [0m:      configure_evaluate: strategy sampled 3 clients (out of 3)
[92mINFO [0m:      aggregate_evaluate: received 3 results and 0 failures
[92mINFO [0m:      
[92mINFO [0m:      [SUMMARY]
[92mINFO [0m:      Run finished 20 round(s) in 10419.66s
[92mINFO [0m:      	History (loss, distributed):
[92mINFO [0m:      		round 1: 0.7295072041296061
[92mINFO [0m:      		round 2: 0.7261322120386045
[92mINFO [0m:      		round 3: 0.659851699835942
[92mINFO [0m:      		round 4: 0.634421629850122
[92mINFO [0m:      		round 5: 0.5990988044986736
[92mINFO [0m:      		round 6: 0.5716078267507901
[92mINFO [0m:      		round 7: 0.5566254640794128
[92mINFO [0m:      		round 8: 0.4919317941144064
[92mINFO [0m:      		round 9: 0.49455237643346767
[92mINFO [0m:      		round 10: 0.5032566987641615
[92mINFO [0m:      		round 11: 0.4932325391696729
[92mINFO [0m:      		round 12: 0.5150620870367895
[92mINFO [0m:      		round 13: 0.48495428961547493
[92mINFO [0m:      		round 14: 0.5147003060461729
[92mINFO [0m:      		round 15: 0.5259890407947316
[92mINFO [0m:      		round 16: 0.5462881915952656
[92mINFO [0m:      		round 17: 0.5472987419249266
[92mINFO [0m:      		round 18: 0.5271709771193364
[92mINFO [0m:      		round 19: 0.6305650050456268
[92mINFO [0m:      		round 20: 0.58734228293196
[92mINFO [0m:      	History (metrics, distributed, fit):
[92mINFO [0m:      	{'avg_latency': [(1, 479.2670039335887),
[92mINFO [0m:      	                 (2, 370.2278968493144),
[92mINFO [0m:      	                 (3, 508.9064726829529),
[92mINFO [0m:      	                 (4, 513.8548866113027),
[92mINFO [0m:      	                 (5, 477.2175416946411),
[92mINFO [0m:      	                 (6, 307.6237811247508),
[92mINFO [0m:      	                 (7, 186.31493711471558),
[92mINFO [0m:      	                 (8, 186.2509684562683),
[92mINFO [0m:      	                 (9, 186.15012828509012),
[92mINFO [0m:      	                 (10, 186.32943733533224),
[92mINFO [0m:      	                 (11, 186.17549832661948),
[92mINFO [0m:      	                 (12, 186.10239179929098),
[92mINFO [0m:      	                 (13, 186.35801728566489),
[92mINFO [0m:      	                 (14, 186.1439496676127),
[92mINFO [0m:      	                 (15, 186.27916447321573),
[92mINFO [0m:      	                 (16, 186.10916566848755),
[92mINFO [0m:      	                 (17, 185.81209405263266),
[92mINFO [0m:      	                 (18, 186.02594033877054),
[92mINFO [0m:      	                 (19, 185.88600810368857),
[92mINFO [0m:      	                 (20, 186.1577728589376)],
[92mINFO [0m:      	 'avg_train_loss': [(1, 1.1500426965459407),
[92mINFO [0m:      	                    (2, 1.1033297295512219),
[92mINFO [0m:      	                    (3, 1.0505913111260348),
[92mINFO [0m:      	                    (4, 0.9979364948323071),
[92mINFO [0m:      	                    (5, 0.9439825881394059),
[92mINFO [0m:      	                    (6, 0.8938960937505769),
[92mINFO [0m:      	                    (7, 0.8408506513217098),
[92mINFO [0m:      	                    (8, 0.7728689364347991),
[92mINFO [0m:      	                    (9, 0.7057075677432026),
[92mINFO [0m:      	                    (10, 0.6512657145956964),
[92mINFO [0m:      	                    (11, 0.5892957373272942),
[92mINFO [0m:      	                    (12, 0.5238135429765607),
[92mINFO [0m:      	                    (13, 0.5275564286883043),
[92mINFO [0m:      	                    (14, 0.4049904041402063),
[92mINFO [0m:      	                    (15, 0.3976555344283643),
[92mINFO [0m:      	                    (16, 0.3548096028840566),
[92mINFO [0m:      	                    (17, 0.31371700620019294),
[92mINFO [0m:      	                    (18, 0.2826704556539138),
[92mINFO [0m:      	                    (19, 0.24987301655238325),
[92mINFO [0m:      	                    (20, 0.23906661811421118)],
[92mINFO [0m:      	 'avg_weight_divergence': [(1, 4334.284764171919),
[92mINFO [0m:      	                           (2, 4334.185900558136),
[92mINFO [0m:      	                           (3, 4334.245136278055),
[92mINFO [0m:      	                           (4, 4334.249779088394),
[92mINFO [0m:      	                           (5, 4334.260301557916),
[92mINFO [0m:      	                           (6, 4334.264086443436),
[92mINFO [0m:      	                           (7, 4334.274869941604),
[92mINFO [0m:      	                           (8, 4334.266194879723),
[92mINFO [0m:      	                           (9, 4334.310065764596),
[92mINFO [0m:      	                           (10, 4334.28415970416),
[92mINFO [0m:      	                           (11, 4334.2932947962645),
[92mINFO [0m:      	                           (12, 4334.314268401409),
[92mINFO [0m:      	                           (13, 4334.371967149371),
[92mINFO [0m:      	                           (14, 4334.367757724315),
[92mINFO [0m:      	                           (15, 4334.336115381457),
[92mINFO [0m:      	                           (16, 4334.351612094276),
[92mINFO [0m:      	                           (17, 4334.334891378417),
[92mINFO [0m:      	                           (18, 4334.471190358556),
[92mINFO [0m:      	                           (19, 4334.453031732856),
[92mINFO [0m:      	                           (20, 4334.411772412764)],
[92mINFO [0m:      	 'max_latency': [(1, 1028.0821075439453),
[92mINFO [0m:      	                 (2, 699.1554946899414),
[92mINFO [0m:      	                 (3, 1114.905389547348),
[92mINFO [0m:      	                 (4, 1129.6391863822937),
[92mINFO [0m:      	                 (5, 1020.5557968616486),
[92mINFO [0m:      	                 (6, 512.0320394039154),
[92mINFO [0m:      	                 (7, 223.73043274879456),
[92mINFO [0m:      	                 (8, 223.39234280586243),
[92mINFO [0m:      	                 (9, 223.77550268173218),
[92mINFO [0m:      	                 (10, 223.8425576686859),
[92mINFO [0m:      	                 (11, 223.43079352378845),
[92mINFO [0m:      	                 (12, 223.51371121406555),
[92mINFO [0m:      	                 (13, 223.5955274105072),
[92mINFO [0m:      	                 (14, 223.44548892974854),
[92mINFO [0m:      	                 (15, 223.81959700584412),
[92mINFO [0m:      	                 (16, 223.65391540527344),
[92mINFO [0m:      	                 (17, 223.38560152053833),
[92mINFO [0m:      	                 (18, 223.6792130470276),
[92mINFO [0m:      	                 (19, 223.5943465232849),
[92mINFO [0m:      	                 (20, 223.70483112335205)],
[92mINFO [0m:      	 'max_weight_divergence': [(1, 5577.251293298265),
[92mINFO [0m:      	                           (2, 5577.17333839207),
[92mINFO [0m:      	                           (3, 5577.229393067472),
[92mINFO [0m:      	                           (4, 5577.277375678539),
[92mINFO [0m:      	                           (5, 5577.221943135434),
[92mINFO [0m:      	                           (6, 5577.265948988439),
[92mINFO [0m:      	                           (7, 5577.267442402851),
[92mINFO [0m:      	                           (8, 5577.222167380582),
[92mINFO [0m:      	                           (9, 5577.32200673468),
[92mINFO [0m:      	                           (10, 5577.252198288014),
[92mINFO [0m:      	                           (11, 5577.293977811965),
[92mINFO [0m:      	                           (12, 5577.273575160703),
[92mINFO [0m:      	                           (13, 5577.353861979662),
[92mINFO [0m:      	                           (14, 5577.359879549915),
[92mINFO [0m:      	                           (15, 5577.339006584244),
[92mINFO [0m:      	                           (16, 5577.373827942505),
[92mINFO [0m:      	                           (17, 5577.327805947844),
[92mINFO [0m:      	                           (18, 5577.684567107862),
[92mINFO [0m:      	                           (19, 5577.60115911868),
[92mINFO [0m:      	                           (20, 5577.427497319996)]}
[92mINFO [0m:      	History (metrics, distributed, evaluate):
[92mINFO [0m:      	{'auc_Atelectasis': [(1, 0.5837907779066155),
[92mINFO [0m:      	                     (2, 0.6398412580372198),
[92mINFO [0m:      	                     (3, 0.6716886623699609),
[92mINFO [0m:      	                     (4, 0.6965366237326311),
[92mINFO [0m:      	                     (5, 0.7035568624196432),
[92mINFO [0m:      	                     (6, 0.7162246008883242),
[92mINFO [0m:      	                     (7, 0.7137599738870066),
[92mINFO [0m:      	                     (8, 0.7235707081012775),
[92mINFO [0m:      	                     (9, 0.7201516191065119),
[92mINFO [0m:      	                     (10, 0.7090762826407633),
[92mINFO [0m:      	                     (11, 0.7249248816134922),
[92mINFO [0m:      	                     (12, 0.7147999117104099),
[92mINFO [0m:      	                     (13, 0.7138878998551341),
[92mINFO [0m:      	                     (14, 0.7150600552256468),
[92mINFO [0m:      	                     (15, 0.7048209367294821),
[92mINFO [0m:      	                     (16, 0.704639715111257),
[92mINFO [0m:      	                     (17, 0.7050720688247191),
[92mINFO [0m:      	                     (18, 0.6854281425712624),
[92mINFO [0m:      	                     (19, 0.7080604946282836),
[92mINFO [0m:      	                     (20, 0.6845216664189392)],
[92mINFO [0m:      	 'auc_Atelectasis_variance': [(1, 0.0002654536663638742),
[92mINFO [0m:      	                              (2, 0.0003526355242500186),
[92mINFO [0m:      	                              (3, 0.00043290938171577475),
[92mINFO [0m:      	                              (4, 0.0004488161295146804),
[92mINFO [0m:      	                              (5, 0.0002746921912008213),
[92mINFO [0m:      	                              (6, 0.00028612983962075615),
[92mINFO [0m:      	                              (7, 0.00036335714306201294),
[92mINFO [0m:      	                              (8, 0.0002324718402005919),
[92mINFO [0m:      	                              (9, 0.0002134467008266913),
[92mINFO [0m:      	                              (10, 0.00027842585629965825),
[92mINFO [0m:      	                              (11, 0.0002883060196458008),
[92mINFO [0m:      	                              (12, 0.000313251286357683),
[92mINFO [0m:      	                              (13, 0.00031999660312722),
[92mINFO [0m:      	                              (14, 0.0003607029205688474),
[92mINFO [0m:      	                              (15, 0.00021266329707245255),
[92mINFO [0m:      	                              (16, 0.0002954948944918753),
[92mINFO [0m:      	                              (17, 0.00033619217820552886),
[92mINFO [0m:      	                              (18, 0.00032340874140540193),
[92mINFO [0m:      	                              (19, 0.0004196760499349166),
[92mINFO [0m:      	                              (20, 0.00041901016225650884)],
[92mINFO [0m:      	 'auc_Cardiomegaly': [(1, 0.6485264240674697),
[92mINFO [0m:      	                      (2, 0.6503124219572081),
[92mINFO [0m:      	                      (3, 0.8020767567854624),
[92mINFO [0m:      	                      (4, 0.8650839440635192),
[92mINFO [0m:      	                      (5, 0.8683329680340971),
[92mINFO [0m:      	                      (6, 0.8816385543232028),
[92mINFO [0m:      	                      (7, 0.8806334897464942),
[92mINFO [0m:      	                      (8, 0.8658731546621453),
[92mINFO [0m:      	                      (9, 0.871325984788988),
[92mINFO [0m:      	                      (10, 0.8698644238372886),
[92mINFO [0m:      	                      (11, 0.8722783980939847),
[92mINFO [0m:      	                      (12, 0.8596794528394215),
[92mINFO [0m:      	                      (13, 0.856143197920818),
[92mINFO [0m:      	                      (14, 0.8483494836073306),
[92mINFO [0m:      	                      (15, 0.8422256131592984),
[92mINFO [0m:      	                      (16, 0.8433401170530337),
[92mINFO [0m:      	                      (17, 0.8418316043682684),
[92mINFO [0m:      	                      (18, 0.8472612066635106),
[92mINFO [0m:      	                      (19, 0.8638813786174644),
[92mINFO [0m:      	                      (20, 0.8547741061667888)],
[92mINFO [0m:      	 'auc_Cardiomegaly_variance': [(1, 6.11999213400025e-06),
[92mINFO [0m:      	                               (2, 6.683333220237656e-05),
[92mINFO [0m:      	                               (3, 0.00011232366862289934),
[92mINFO [0m:      	                               (4, 0.00014565867337940736),
[92mINFO [0m:      	                               (5, 0.00011091401562704067),
[92mINFO [0m:      	                               (6, 7.583364987016528e-05),
[92mINFO [0m:      	                               (7, 2.890743730686011e-05),
[92mINFO [0m:      	                               (8, 2.7009427858494397e-05),
[92mINFO [0m:      	                               (9, 2.2818047174708693e-05),
[92mINFO [0m:      	                               (10, 4.846186060257389e-05),
[92mINFO [0m:      	                               (11, 2.6798451534193546e-05),
[92mINFO [0m:      	                               (12, 2.8963550466368916e-05),
[92mINFO [0m:      	                               (13, 0.00010195054230181248),
[92mINFO [0m:      	                               (14, 6.729879323156414e-05),
[92mINFO [0m:      	                               (15, 0.00010184865754730728),
[92mINFO [0m:      	                               (16, 9.48522729474307e-05),
[92mINFO [0m:      	                               (17, 7.076159851819508e-05),
[92mINFO [0m:      	                               (18, 8.681387845617308e-05),
[92mINFO [0m:      	                               (19, 6.570983212614398e-05),
[92mINFO [0m:      	                               (20, 4.192779829769149e-05)],
[92mINFO [0m:      	 'auc_Consolidation': [(1, 0.6623093637687005),
[92mINFO [0m:      	                       (2, 0.6971523441350932),
[92mINFO [0m:      	                       (3, 0.7070714982100519),
[92mINFO [0m:      	                       (4, 0.7202287940361364),
[92mINFO [0m:      	                       (5, 0.7142081317197062),
[92mINFO [0m:      	                       (6, 0.7163852351230986),
[92mINFO [0m:      	                       (7, 0.7086357376915342),
[92mINFO [0m:      	                       (8, 0.7026454522625716),
[92mINFO [0m:      	                       (9, 0.7106530132356689),
[92mINFO [0m:      	                       (10, 0.696837500811273),
[92mINFO [0m:      	                       (11, 0.7108636308709022),
[92mINFO [0m:      	                       (12, 0.6884227653413734),
[92mINFO [0m:      	                       (13, 0.681630125492103),
[92mINFO [0m:      	                       (14, 0.6824871348734668),
[92mINFO [0m:      	                       (15, 0.6838021347922186),
[92mINFO [0m:      	                       (16, 0.6668261422228328),
[92mINFO [0m:      	                       (17, 0.6653069450888178),
[92mINFO [0m:      	                       (18, 0.6419946373021278),
[92mINFO [0m:      	                       (19, 0.6792355754677166),
[92mINFO [0m:      	                       (20, 0.6496624354626105)],
[92mINFO [0m:      	 'auc_Consolidation_variance': [(1, 0.00011760938955115178),
[92mINFO [0m:      	                                (2, 0.00011844680704826093),
[92mINFO [0m:      	                                (3, 0.00012277252615067825),
[92mINFO [0m:      	                                (4, 0.0001235338827385624),
[92mINFO [0m:      	                                (5, 7.357837591933398e-05),
[92mINFO [0m:      	                                (6, 6.336909792114862e-05),
[92mINFO [0m:      	                                (7, 7.826181037950433e-05),
[92mINFO [0m:      	                                (8, 6.344249732745626e-05),
[92mINFO [0m:      	                                (9, 6.710639127603137e-05),
[92mINFO [0m:      	                                (10, 1.5787057511209912e-05),
[92mINFO [0m:      	                                (11, 2.3328472993294492e-05),
[92mINFO [0m:      	                                (12, 3.4012153191145933e-06),
[92mINFO [0m:      	                                (13, 7.1402342877567445e-06),
[92mINFO [0m:      	                                (14, 3.283278877007676e-05),
[92mINFO [0m:      	                                (15, 2.2189727020232516e-05),
[92mINFO [0m:      	                                (16, 4.641922827703245e-05),
[92mINFO [0m:      	                                (17, 7.23598130215772e-05),
[92mINFO [0m:      	                                (18, 0.00015205738027279577),
[92mINFO [0m:      	                                (19, 8.317933475868823e-05),
[92mINFO [0m:      	                                (20, 4.011731615106695e-05)],
[92mINFO [0m:      	 'auc_Edema': [(1, 0.6861278453954003),
[92mINFO [0m:      	               (2, 0.8203763751798683),
[92mINFO [0m:      	               (3, 0.836352836194818),
[92mINFO [0m:      	               (4, 0.8248878336143021),
[92mINFO [0m:      	               (5, 0.8293926714981014),
[92mINFO [0m:      	               (6, 0.8287947019040797),
[92mINFO [0m:      	               (7, 0.816527764793458),
[92mINFO [0m:      	               (8, 0.8287910110759098),
[92mINFO [0m:      	               (9, 0.8307452827211832),
[92mINFO [0m:      	               (10, 0.8178871325861208),
[92mINFO [0m:      	               (11, 0.8274318968565468),
[92mINFO [0m:      	               (12, 0.8229384438154929),
[92mINFO [0m:      	               (13, 0.8293019493445564),
[92mINFO [0m:      	               (14, 0.8236772593964617),
[92mINFO [0m:      	               (15, 0.8173867634907765),
[92mINFO [0m:      	               (16, 0.8024764243088179),
[92mINFO [0m:      	               (17, 0.8076218487242697),
[92mINFO [0m:      	               (18, 0.8059189539492423),
[92mINFO [0m:      	               (19, 0.8275266390278713),
[92mINFO [0m:      	               (20, 0.8092443338328459)],
[92mINFO [0m:      	 'auc_Edema_variance': [(1, 6.524543687572324e-05),
[92mINFO [0m:      	                        (2, 0.0002285297301418562),
[92mINFO [0m:      	                        (3, 0.00013974494413133675),
[92mINFO [0m:      	                        (4, 0.00015565857705414568),
[92mINFO [0m:      	                        (5, 0.00016777629374953084),
[92mINFO [0m:      	                        (6, 0.00015353491387199667),
[92mINFO [0m:      	                        (7, 7.494663553103658e-05),
[92mINFO [0m:      	                        (8, 0.0001497803442914106),
[92mINFO [0m:      	                        (9, 0.00010544664173922004),
[92mINFO [0m:      	                        (10, 8.149653454177984e-05),
[92mINFO [0m:      	                        (11, 7.64784516795364e-05),
[92mINFO [0m:      	                        (12, 8.46816855771109e-05),
[92mINFO [0m:      	                        (13, 0.00010356181975544776),
[92mINFO [0m:      	                        (14, 0.00012402149722966557),
[92mINFO [0m:      	                        (15, 9.806801405211361e-05),
[92mINFO [0m:      	                        (16, 0.00010132610097618519),
[92mINFO [0m:      	                        (17, 7.693979646030777e-05),
[92mINFO [0m:      	                        (18, 0.00011632387710776321),
[92mINFO [0m:      	                        (19, 0.0002767061783366783),
[92mINFO [0m:      	                        (20, 0.00013322820716161725)],
[92mINFO [0m:      	 'auc_Effusion': [(1, 0.6692529255050902),
[92mINFO [0m:      	                  (2, 0.7453130838938263),
[92mINFO [0m:      	                  (3, 0.7704132633459947),
[92mINFO [0m:      	                  (4, 0.7995575674865821),
[92mINFO [0m:      	                  (5, 0.8166684649121451),
[92mINFO [0m:      	                  (6, 0.8255811775727332),
[92mINFO [0m:      	                  (7, 0.8236553019513462),
[92mINFO [0m:      	                  (8, 0.8249442611589468),
[92mINFO [0m:      	                  (9, 0.8264380614585933),
[92mINFO [0m:      	                  (10, 0.8295523721875452),
[92mINFO [0m:      	                  (11, 0.8244530433229631),
[92mINFO [0m:      	                  (12, 0.8233165107541265),
[92mINFO [0m:      	                  (13, 0.8312931012635878),
[92mINFO [0m:      	                  (14, 0.8225233205317034),
[92mINFO [0m:      	                  (15, 0.824206434188642),
[92mINFO [0m:      	                  (16, 0.8237848816029835),
[92mINFO [0m:      	                  (17, 0.8183543662173515),
[92mINFO [0m:      	                  (18, 0.8131457767859337),
[92mINFO [0m:      	                  (19, 0.8194704250143613),
[92mINFO [0m:      	                  (20, 0.818477440776555)],
[92mINFO [0m:      	 'auc_Effusion_variance': [(1, 9.585734719503474e-05),
[92mINFO [0m:      	                           (2, 3.860733715330915e-05),
[92mINFO [0m:      	                           (3, 5.0135722728138993e-05),
[92mINFO [0m:      	                           (4, 0.000144820786131785),
[92mINFO [0m:      	                           (5, 9.585850596166988e-05),
[92mINFO [0m:      	                           (6, 7.291955294738078e-05),
[92mINFO [0m:      	                           (7, 0.0001427726920643849),
[92mINFO [0m:      	                           (8, 0.0001549272695912997),
[92mINFO [0m:      	                           (9, 0.00016128374429654074),
[92mINFO [0m:      	                           (10, 0.00015045879459398855),
[92mINFO [0m:      	                           (11, 0.00024472952392809043),
[92mINFO [0m:      	                           (12, 0.00020095777354844202),
[92mINFO [0m:      	                           (13, 0.0001880570186205945),
[92mINFO [0m:      	                           (14, 0.00016371646842420676),
[92mINFO [0m:      	                           (15, 0.0001135782216767994),
[92mINFO [0m:      	                           (16, 0.00010196050885690889),
[92mINFO [0m:      	                           (17, 0.00011200415629443027),
[92mINFO [0m:      	                           (18, 0.00014169452072261603),
[92mINFO [0m:      	                           (19, 0.0001244033921777336),
[92mINFO [0m:      	                           (20, 7.406135305434144e-05)],
[92mINFO [0m:      	 'auc_Emphysema': [(1, 0.6161701916944098),
[92mINFO [0m:      	                   (2, 0.729734547089301),
[92mINFO [0m:      	                   (3, 0.7867084371840469),
[92mINFO [0m:      	                   (4, 0.8228991754472562),
[92mINFO [0m:      	                   (5, 0.8360908518173303),
[92mINFO [0m:      	                   (6, 0.8519560839629273),
[92mINFO [0m:      	                   (7, 0.8475884649432792),
[92mINFO [0m:      	                   (8, 0.8502122521827504),
[92mINFO [0m:      	                   (9, 0.8440280692213449),
[92mINFO [0m:      	                   (10, 0.845365526298554),
[92mINFO [0m:      	                   (11, 0.8465605272724607),
[92mINFO [0m:      	                   (12, 0.8456115546555806),
[92mINFO [0m:      	                   (13, 0.8431826670172613),
[92mINFO [0m:      	                   (14, 0.8396528093539539),
[92mINFO [0m:      	                   (15, 0.831847042118833),
[92mINFO [0m:      	                   (16, 0.824567560593947),
[92mINFO [0m:      	                   (17, 0.8211496471134383),
[92mINFO [0m:      	                   (18, 0.8202245336060908),
[92mINFO [0m:      	                   (19, 0.8111390679573165),
[92mINFO [0m:      	                   (20, 0.8096505571761493)],
[92mINFO [0m:      	 'auc_Emphysema_variance': [(1, 0.00010536762675019808),
[92mINFO [0m:      	                            (2, 0.00016540121137667837),
[92mINFO [0m:      	                            (3, 5.1388387224409794e-05),
[92mINFO [0m:      	                            (4, 1.7171186073446377e-05),
[92mINFO [0m:      	                            (5, 2.2628799909854626e-05),
[92mINFO [0m:      	                            (6, 3.7361543459652806e-06),
[92mINFO [0m:      	                            (7, 4.476847433214585e-05),
[92mINFO [0m:      	                            (8, 2.8528413396591304e-05),
[92mINFO [0m:      	                            (9, 9.887427737988712e-06),
[92mINFO [0m:      	                            (10, 5.622136701185775e-05),
[92mINFO [0m:      	                            (11, 6.591986487351141e-05),
[92mINFO [0m:      	                            (12, 5.593697156833175e-05),
[92mINFO [0m:      	                            (13, 3.497480328505354e-05),
[92mINFO [0m:      	                            (14, 0.00010283668040137027),
[92mINFO [0m:      	                            (15, 8.232349841101831e-05),
[92mINFO [0m:      	                            (16, 0.0001271804868946211),
[92mINFO [0m:      	                            (17, 0.00028794132907210957),
[92mINFO [0m:      	                            (18, 0.00021977914125643748),
[92mINFO [0m:      	                            (19, 7.271161647952809e-05),
[92mINFO [0m:      	                            (20, 7.396301011722699e-05)],
[92mINFO [0m:      	 'auc_Fibrosis': [(1, 0.5769012467003629),
[92mINFO [0m:      	                  (2, 0.691791449494283),
[92mINFO [0m:      	                  (3, 0.7417410597304491),
[92mINFO [0m:      	                  (4, 0.7531363113344395),
[92mINFO [0m:      	                  (5, 0.7710663335668553),
[92mINFO [0m:      	                  (6, 0.7643345976532202),
[92mINFO [0m:      	                  (7, 0.7582860043775195),
[92mINFO [0m:      	                  (8, 0.7575779282314719),
[92mINFO [0m:      	                  (9, 0.7563352065462502),
[92mINFO [0m:      	                  (10, 0.7586995876812174),
[92mINFO [0m:      	                  (11, 0.7694080616496564),
[92mINFO [0m:      	                  (12, 0.7629762541339786),
[92mINFO [0m:      	                  (13, 0.7383768867895426),
[92mINFO [0m:      	                  (14, 0.7487005235225993),
[92mINFO [0m:      	                  (15, 0.7359539116982058),
[92mINFO [0m:      	                  (16, 0.7216848409816844),
[92mINFO [0m:      	                  (17, 0.7302180947693785),
[92mINFO [0m:      	                  (18, 0.7314907834852171),
[92mINFO [0m:      	                  (19, 0.7101145687633859),
[92mINFO [0m:      	                  (20, 0.7231259246278815)],
[92mINFO [0m:      	 'auc_Fibrosis_variance': [(1, 0.0036205158646582095),
[92mINFO [0m:      	                           (2, 0.0027032768316697614),
[92mINFO [0m:      	                           (3, 0.0010208591561642981),
[92mINFO [0m:      	                           (4, 0.0006458119686026116),
[92mINFO [0m:      	                           (5, 0.00013850620701831513),
[92mINFO [0m:      	                           (6, 0.00016733420671146185),
[92mINFO [0m:      	                           (7, 4.99801189735624e-06),
[92mINFO [0m:      	                           (8, 0.00027932178046874857),
[92mINFO [0m:      	                           (9, 6.696477630419034e-05),
[92mINFO [0m:      	                           (10, 7.139947166143936e-05),
[92mINFO [0m:      	                           (11, 0.00035391339226664064),
[92mINFO [0m:      	                           (12, 0.0003769639130736507),
[92mINFO [0m:      	                           (13, 0.00013183501380618012),
[92mINFO [0m:      	                           (14, 0.0003279085440044345),
[92mINFO [0m:      	                           (15, 0.0004968105462345635),
[92mINFO [0m:      	                           (16, 0.0002345679705726599),
[92mINFO [0m:      	                           (17, 0.00017382322409967816),
[92mINFO [0m:      	                           (18, 0.0003600498587364538),
[92mINFO [0m:      	                           (19, 0.00044683408364665304),
[92mINFO [0m:      	                           (20, 0.00016210597568835404)],
[92mINFO [0m:      	 'auc_Hernia': [(1, 0.6546517374609486),
[92mINFO [0m:      	                (2, 0.7599506805751746),
[92mINFO [0m:      	                (3, 0.8535949520562183),
[92mINFO [0m:      	                (4, 0.9017003584806716),
[92mINFO [0m:      	                (5, 0.9072926540396176),
[92mINFO [0m:      	                (6, 0.9351369725890462),
[92mINFO [0m:      	                (7, 0.9171356129346172),
[92mINFO [0m:      	                (8, 0.9133255087836835),
[92mINFO [0m:      	                (9, 0.9030443575180628),
[92mINFO [0m:      	                (10, 0.8839636023748639),
[92mINFO [0m:      	                (11, 0.8800889529571463),
[92mINFO [0m:      	                (12, 0.9146852857212433),
[92mINFO [0m:      	                (13, 0.8850294116938895),
[92mINFO [0m:      	                (14, 0.8931122660164282),
[92mINFO [0m:      	                (15, 0.8730804094792609),
[92mINFO [0m:      	                (16, 0.8395689456828398),
[92mINFO [0m:      	                (17, 0.8563997751404144),
[92mINFO [0m:      	                (18, 0.8950470295649168),
[92mINFO [0m:      	                (19, 0.900578748766343),
[92mINFO [0m:      	                (20, 0.8785824690564891)],
[92mINFO [0m:      	 'auc_Hernia_variance': [(1, 0.000581080072891623),
[92mINFO [0m:      	                         (2, 0.00024090847238545225),
[92mINFO [0m:      	                         (3, 0.00020821308905571664),
[92mINFO [0m:      	                         (4, 0.0007620145239871723),
[92mINFO [0m:      	                         (5, 0.0011330342680312478),
[92mINFO [0m:      	                         (6, 0.003398680155642196),
[92mINFO [0m:      	                         (7, 0.0009059901536115873),
[92mINFO [0m:      	                         (8, 0.002992118323299094),
[92mINFO [0m:      	                         (9, 0.0045045821103707065),
[92mINFO [0m:      	                         (10, 0.0011681494117274248),
[92mINFO [0m:      	                         (11, 0.002894254371912642),
[92mINFO [0m:      	                         (12, 0.0028083576851520406),
[92mINFO [0m:      	                         (13, 0.002572322729106871),
[92mINFO [0m:      	                         (14, 0.003647963786259055),
[92mINFO [0m:      	                         (15, 0.00417050460049352),
[92mINFO [0m:      	                         (16, 0.002970992780593728),
[92mINFO [0m:      	                         (17, 0.004520632097235996),
[92mINFO [0m:      	                         (18, 0.002395130252391114),
[92mINFO [0m:      	                         (19, 0.0030185442082922764),
[92mINFO [0m:      	                         (20, 0.003552721947693354)],
[92mINFO [0m:      	 'auc_Infiltration': [(1, 0.6212786466247303),
[92mINFO [0m:      	                      (2, 0.6486706058950716),
[92mINFO [0m:      	                      (3, 0.6620553446914601),
[92mINFO [0m:      	                      (4, 0.6689451245312958),
[92mINFO [0m:      	                      (5, 0.6737740776029696),
[92mINFO [0m:      	                      (6, 0.6807898994037304),
[92mINFO [0m:      	                      (7, 0.6814382885933308),
[92mINFO [0m:      	                      (8, 0.67978135640677),
[92mINFO [0m:      	                      (9, 0.6796773003568409),
[92mINFO [0m:      	                      (10, 0.6782186063450228),
[92mINFO [0m:      	                      (11, 0.6739363511382457),
[92mINFO [0m:      	                      (12, 0.6677944711084783),
[92mINFO [0m:      	                      (13, 0.6666398521111745),
[92mINFO [0m:      	                      (14, 0.6632981898176125),
[92mINFO [0m:      	                      (15, 0.6666246018200744),
[92mINFO [0m:      	                      (16, 0.6592777179117589),
[92mINFO [0m:      	                      (17, 0.6594192506343268),
[92mINFO [0m:      	                      (18, 0.6403058473773386),
[92mINFO [0m:      	                      (19, 0.6455189347230378),
[92mINFO [0m:      	                      (20, 0.6283229541651366)],
[92mINFO [0m:      	 'auc_Infiltration_variance': [(1, 1.3550309591051687e-05),
[92mINFO [0m:      	                               (2, 1.015786483638896e-05),
[92mINFO [0m:      	                               (3, 9.924934174886883e-06),
[92mINFO [0m:      	                               (4, 1.9887516050399046e-05),
[92mINFO [0m:      	                               (5, 1.8559538415218866e-05),
[92mINFO [0m:      	                               (6, 1.553057818308638e-05),
[92mINFO [0m:      	                               (7, 1.8764085608762963e-05),
[92mINFO [0m:      	                               (8, 2.7915569981630826e-05),
[92mINFO [0m:      	                               (9, 2.6048808131025428e-05),
[92mINFO [0m:      	                               (10, 2.4096168519587798e-05),
[92mINFO [0m:      	                               (11, 1.821912363549209e-05),
[92mINFO [0m:      	                               (12, 5.174049540525971e-05),
[92mINFO [0m:      	                               (13, 4.523114596064756e-05),
[92mINFO [0m:      	                               (14, 4.0649434726353484e-05),
[92mINFO [0m:      	                               (15, 2.6652892428584558e-05),
[92mINFO [0m:      	                               (16, 4.7296351793231836e-05),
[92mINFO [0m:      	                               (17, 7.661493022716375e-05),
[92mINFO [0m:      	                               (18, 5.3222006230577665e-05),
[92mINFO [0m:      	                               (19, 5.784069084444773e-05),
[92mINFO [0m:      	                               (20, 7.21492038750205e-05)],
[92mINFO [0m:      	 'auc_Mass': [(1, 0.5740271861669451),
[92mINFO [0m:      	              (2, 0.6216513065250882),
[92mINFO [0m:      	              (3, 0.7183580784159657),
[92mINFO [0m:      	              (4, 0.7409005122433278),
[92mINFO [0m:      	              (5, 0.7358860026959453),
[92mINFO [0m:      	              (6, 0.7491406762524119),
[92mINFO [0m:      	              (7, 0.7465298957514623),
[92mINFO [0m:      	              (8, 0.7512497344869545),
[92mINFO [0m:      	              (9, 0.7437637061183),
[92mINFO [0m:      	              (10, 0.7512890294728741),
[92mINFO [0m:      	              (11, 0.7511472893361394),
[92mINFO [0m:      	              (12, 0.754698973749424),
[92mINFO [0m:      	              (13, 0.7343685793576461),
[92mINFO [0m:      	              (14, 0.7257430070663808),
[92mINFO [0m:      	              (15, 0.7369982523409326),
[92mINFO [0m:      	              (16, 0.730351796012686),
[92mINFO [0m:      	              (17, 0.728996005696777),
[92mINFO [0m:      	              (18, 0.7106364284394407),
[92mINFO [0m:      	              (19, 0.735566033924664),
[92mINFO [0m:      	              (20, 0.7312819997579404)],
[92mINFO [0m:      	 'auc_Mass_variance': [(1, 0.00011612908194736998),
[92mINFO [0m:      	                       (2, 7.821853837024139e-05),
[92mINFO [0m:      	                       (3, 0.00019144811561425012),
[92mINFO [0m:      	                       (4, 0.00020553302948628585),
[92mINFO [0m:      	                       (5, 0.00027314074878317837),
[92mINFO [0m:      	                       (6, 0.0001515146844363344),
[92mINFO [0m:      	                       (7, 0.0003312511566832206),
[92mINFO [0m:      	                       (8, 0.00036986731692006833),
[92mINFO [0m:      	                       (9, 0.00013880980277711588),
[92mINFO [0m:      	                       (10, 0.00011775324942373952),
[92mINFO [0m:      	                       (11, 0.00013761104651115468),
[92mINFO [0m:      	                       (12, 0.00013670303930011558),
[92mINFO [0m:      	                       (13, 0.00013945533253847364),
[92mINFO [0m:      	                       (14, 8.760215194719782e-05),
[92mINFO [0m:      	                       (15, 9.411681578719494e-05),
[92mINFO [0m:      	                       (16, 8.063688471250613e-05),
[92mINFO [0m:      	                       (17, 4.893616327138779e-05),
[92mINFO [0m:      	                       (18, 0.00014079007124877138),
[92mINFO [0m:      	                       (19, 5.138842732565962e-05),
[92mINFO [0m:      	                       (20, 0.00011057363335157823)],
[92mINFO [0m:      	 'auc_Nodule': [(1, 0.5721230490454806),
[92mINFO [0m:      	                (2, 0.6407601583563471),
[92mINFO [0m:      	                (3, 0.6524638018540513),
[92mINFO [0m:      	                (4, 0.6689671670679095),
[92mINFO [0m:      	                (5, 0.6709458889630534),
[92mINFO [0m:      	                (6, 0.6782223053611186),
[92mINFO [0m:      	                (7, 0.6791113110773542),
[92mINFO [0m:      	                (8, 0.6804145486716154),
[92mINFO [0m:      	                (9, 0.6856461776914317),
[92mINFO [0m:      	                (10, 0.6722701006759992),
[92mINFO [0m:      	                (11, 0.6800511441230133),
[92mINFO [0m:      	                (12, 0.6878683163233731),
[92mINFO [0m:      	                (13, 0.6721004917650725),
[92mINFO [0m:      	                (14, 0.6593964282746372),
[92mINFO [0m:      	                (15, 0.6725098835834017),
[92mINFO [0m:      	                (16, 0.6550610184237877),
[92mINFO [0m:      	                (17, 0.652698579393626),
[92mINFO [0m:      	                (18, 0.6371635868308101),
[92mINFO [0m:      	                (19, 0.6463309833512699),
[92mINFO [0m:      	                (20, 0.6460041771017563)],
[92mINFO [0m:      	 'auc_Nodule_variance': [(1, 1.2786711569573552e-05),
[92mINFO [0m:      	                         (2, 8.194437264158084e-05),
[92mINFO [0m:      	                         (3, 0.0002930325366837718),
[92mINFO [0m:      	                         (4, 0.00020621831417120973),
[92mINFO [0m:      	                         (5, 0.00022847656416350937),
[92mINFO [0m:      	                         (6, 0.00016699247445388124),
[92mINFO [0m:      	                         (7, 0.0002672501662456434),
[92mINFO [0m:      	                         (8, 0.00033607597350340064),
[92mINFO [0m:      	                         (9, 0.00031682837768359464),
[92mINFO [0m:      	                         (10, 0.00013498570930669284),
[92mINFO [0m:      	                         (11, 0.0001820699773101788),
[92mINFO [0m:      	                         (12, 0.00010432627885359148),
[92mINFO [0m:      	                         (13, 0.00012000338835613312),
[92mINFO [0m:      	                         (14, 9.205781988939641e-05),
[92mINFO [0m:      	                         (15, 0.0002384669789555101),
[92mINFO [0m:      	                         (16, 9.193577131411458e-05),
[92mINFO [0m:      	                         (17, 0.00012947300417336205),
[92mINFO [0m:      	                         (18, 0.00021043819285425692),
[92mINFO [0m:      	                         (19, 0.0003774006982590004),
[92mINFO [0m:      	                         (20, 0.00038629348389400165)],
[92mINFO [0m:      	 'auc_Pleural_Thickening': [(1, 0.596054957014324),
[92mINFO [0m:      	                            (2, 0.6674334934222641),
[92mINFO [0m:      	                            (3, 0.7106355538760042),
[92mINFO [0m:      	                            (4, 0.7210394868566635),
[92mINFO [0m:      	                            (5, 0.7226807285673906),
[92mINFO [0m:      	                            (6, 0.7258785383117436),
[92mINFO [0m:      	                            (7, 0.7224651704766194),
[92mINFO [0m:      	                            (8, 0.7211603815214923),
[92mINFO [0m:      	                            (9, 0.7173236205216468),
[92mINFO [0m:      	                            (10, 0.7026223794670771),
[92mINFO [0m:      	                            (11, 0.7102888200909795),
[92mINFO [0m:      	                            (12, 0.7023873480416247),
[92mINFO [0m:      	                            (13, 0.6810561549964083),
[92mINFO [0m:      	                            (14, 0.6879049199209102),
[92mINFO [0m:      	                            (15, 0.6885131477551042),
[92mINFO [0m:      	                            (16, 0.6726352193773618),
[92mINFO [0m:      	                            (17, 0.6800308831504565),
[92mINFO [0m:      	                            (18, 0.6567168587348862),
[92mINFO [0m:      	                            (19, 0.6813319389249767),
[92mINFO [0m:      	                            (20, 0.6576139670973797)],
[92mINFO [0m:      	 'auc_Pleural_Thickening_variance': [(1, 7.938563516933418e-05),
[92mINFO [0m:      	                                     (2, 2.2507342759164768e-06),
[92mINFO [0m:      	                                     (3, 0.00011612163524496986),
[92mINFO [0m:      	                                     (4, 7.610848634198187e-05),
[92mINFO [0m:      	                                     (5, 0.000124222828439089),
[92mINFO [0m:      	                                     (6, 9.717436840672315e-05),
[92mINFO [0m:      	                                     (7, 7.965109687923073e-05),
[92mINFO [0m:      	                                     (8, 0.00012695520163789648),
[92mINFO [0m:      	                                     (9, 9.384941856505108e-05),
[92mINFO [0m:      	                                     (10, 3.0518235711327045e-05),
[92mINFO [0m:      	                                     (11, 0.00011336756546047882),
[92mINFO [0m:      	                                     (12, 8.81937794230132e-05),
[92mINFO [0m:      	                                     (13, 0.00016547055061808357),
[92mINFO [0m:      	                                     (14, 9.57328658119342e-05),
[92mINFO [0m:      	                                     (15, 5.769815975474313e-05),
[92mINFO [0m:      	                                     (16, 8.558266846552831e-05),
[92mINFO [0m:      	                                     (17, 0.00012344554524996537),
[92mINFO [0m:      	                                     (18, 0.00010510196336918626),
[92mINFO [0m:      	                                     (19, 0.00014282389099281911),
[92mINFO [0m:      	                                     (20, 7.413637934590791e-05)],
[92mINFO [0m:      	 'auc_Pneumonia': [(1, 0.5538916114869953),
[92mINFO [0m:      	                   (2, 0.6392572475627226),
[92mINFO [0m:      	                   (3, 0.6532069032891781),
[92mINFO [0m:      	                   (4, 0.6599448471892156),
[92mINFO [0m:      	                   (5, 0.6413238148072622),
[92mINFO [0m:      	                   (6, 0.6197056794073541),
[92mINFO [0m:      	                   (7, 0.6185141702810146),
[92mINFO [0m:      	                   (8, 0.6227533641728332),
[92mINFO [0m:      	                   (9, 0.5964238828826651),
[92mINFO [0m:      	                   (10, 0.6006755989669403),
[92mINFO [0m:      	                   (11, 0.5907971504699536),
[92mINFO [0m:      	                   (12, 0.5909124038189416),
[92mINFO [0m:      	                   (13, 0.5756956336643095),
[92mINFO [0m:      	                   (14, 0.5853656411970791),
[92mINFO [0m:      	                   (15, 0.5780499664847103),
[92mINFO [0m:      	                   (16, 0.575093794333227),
[92mINFO [0m:      	                   (17, 0.5836637457251884),
[92mINFO [0m:      	                   (18, 0.5761807425113555),
[92mINFO [0m:      	                   (19, 0.5827201155057393),
[92mINFO [0m:      	                   (20, 0.5662881267558919)],
[92mINFO [0m:      	 'auc_Pneumonia_variance': [(1, 0.00017603808954857117),
[92mINFO [0m:      	                            (2, 0.0002253766274056647),
[92mINFO [0m:      	                            (3, 0.00022036410744605858),
[92mINFO [0m:      	                            (4, 0.0002051142547248584),
[92mINFO [0m:      	                            (5, 0.0003661330756578088),
[92mINFO [0m:      	                            (6, 0.0002817794923003728),
[92mINFO [0m:      	                            (7, 3.358908358590705e-05),
[92mINFO [0m:      	                            (8, 0.00010457994240993106),
[92mINFO [0m:      	                            (9, 0.00010415054724209967),
[92mINFO [0m:      	                            (10, 8.803053210479227e-05),
[92mINFO [0m:      	                            (11, 4.765134840542339e-06),
[92mINFO [0m:      	                            (12, 7.410803098294645e-05),
[92mINFO [0m:      	                            (13, 0.00010376844861853021),
[92mINFO [0m:      	                            (14, 1.2224578590928819e-05),
[92mINFO [0m:      	                            (15, 9.241405245240898e-05),
[92mINFO [0m:      	                            (16, 0.0001855643606717966),
[92mINFO [0m:      	                            (17, 0.00028042169997357936),
[92mINFO [0m:      	                            (18, 0.00011438674273967568),
[92mINFO [0m:      	                            (19, 5.32713260845668e-05),
[92mINFO [0m:      	                            (20, 0.00045888796306762115)],
[92mINFO [0m:      	 'auc_Pneumothorax': [(1, 0.6383616631055788),
[92mINFO [0m:      	                      (2, 0.7280949094391078),
[92mINFO [0m:      	                      (3, 0.7860856584788792),
[92mINFO [0m:      	                      (4, 0.810546302947411),
[92mINFO [0m:      	                      (5, 0.8124095951617124),
[92mINFO [0m:      	                      (6, 0.8167128253083695),
[92mINFO [0m:      	                      (7, 0.8165010941701839),
[92mINFO [0m:      	                      (8, 0.8194668391843162),
[92mINFO [0m:      	                      (9, 0.8086175642072329),
[92mINFO [0m:      	                      (10, 0.8085327165409161),
[92mINFO [0m:      	                      (11, 0.8040387820745446),
[92mINFO [0m:      	                      (12, 0.8088965228582858),
[92mINFO [0m:      	                      (13, 0.7893524626303677),
[92mINFO [0m:      	                      (14, 0.7795898256930158),
[92mINFO [0m:      	                      (15, 0.7822904597234239),
[92mINFO [0m:      	                      (16, 0.7857853928586913),
[92mINFO [0m:      	                      (17, 0.782616962293066),
[92mINFO [0m:      	                      (18, 0.7606311575087937),
[92mINFO [0m:      	                      (19, 0.7624256421132525),
[92mINFO [0m:      	                      (20, 0.7633011356449231)],
[92mINFO [0m:      	 'auc_Pneumothorax_variance': [(1, 0.00022330557678513696),
[92mINFO [0m:      	                               (2, 0.000947198160029313),
[92mINFO [0m:      	                               (3, 0.0003700876127294878),
[92mINFO [0m:      	                               (4, 0.00018760126616759385),
[92mINFO [0m:      	                               (5, 0.0002353260356365343),
[92mINFO [0m:      	                               (6, 0.0003217267854610435),
[92mINFO [0m:      	                               (7, 0.0001490764261600734),
[92mINFO [0m:      	                               (8, 0.00031307890898295575),
[92mINFO [0m:      	                               (9, 0.000502515495200384),
[92mINFO [0m:      	                               (10, 0.00024752231462473275),
[92mINFO [0m:      	                               (11, 0.00018164263326640034),
[92mINFO [0m:      	                               (12, 9.73453709520574e-05),
[92mINFO [0m:      	                               (13, 0.00016756121698486016),
[92mINFO [0m:      	                               (14, 0.0001429963032577463),
[92mINFO [0m:      	                               (15, 0.00018474871824670168),
[92mINFO [0m:      	                               (16, 7.244660647753707e-05),
[92mINFO [0m:      	                               (17, 0.00020799714763530775),
[92mINFO [0m:      	                               (18, 0.00010987527045117646),
[92mINFO [0m:      	                               (19, 0.00023659090991997008),
[92mINFO [0m:      	                               (20, 0.00020499849350692344)],
[92mINFO [0m:      	 'global_auc': [(1, 0.6181048304245037),
[92mINFO [0m:      	                (2, 0.6914528486830411),
[92mINFO [0m:      	                (3, 0.739460914748753),
[92mINFO [0m:      	                (4, 0.7610267177879545),
[92mINFO [0m:      	                (5, 0.7645449318432737),
[92mINFO [0m:      	                (6, 0.7707501320043829),
[92mINFO [0m:      	                (7, 0.7664844486196585),
[92mINFO [0m:      	                (8, 0.7672690357787669),
[92mINFO [0m:      	                (9, 0.7638695604553372),
[92mINFO [0m:      	                (10, 0.758918204277604),
[92mINFO [0m:      	                (11, 0.7618763521335734),
[92mINFO [0m:      	                (12, 0.7603563010622681),
[92mINFO [0m:      	                (13, 0.749861315278705),
[92mINFO [0m:      	                (14, 0.7482043474640876),
[92mINFO [0m:      	                (15, 0.7455935398117404),
[92mINFO [0m:      	                (16, 0.736078111891065),
[92mINFO [0m:      	                (17, 0.738098555510007),
[92mINFO [0m:      	                (18, 0.7301532632379233),
[92mINFO [0m:      	                (19, 0.7409928961989772),
[92mINFO [0m:      	                (20, 0.7300608067172348)],
[92mINFO [0m:      	 'global_auc_variance': [(1, 0.00011953193107037509),
[92mINFO [0m:      	                         (2, 5.9129064425725974e-05),
[92mINFO [0m:      	                         (3, 2.7453370534859092e-05),
[92mINFO [0m:      	                         (4, 1.800507280396185e-05),
[92mINFO [0m:      	                         (5, 9.142704536866669e-06),
[92mINFO [0m:      	                         (6, 1.538206449376359e-05),
[92mINFO [0m:      	                         (7, 1.4798791903938728e-05),
[92mINFO [0m:      	                         (8, 4.047625943450067e-05),
[92mINFO [0m:      	                         (9, 4.902337326559757e-05),
[92mINFO [0m:      	                         (10, 2.682747790223311e-05),
[92mINFO [0m:      	                         (11, 4.080147527215706e-05),
[92mINFO [0m:      	                         (12, 3.797464580744023e-05),
[92mINFO [0m:      	                         (13, 3.611587101992659e-05),
[92mINFO [0m:      	                         (14, 5.4208122523743545e-05),
[92mINFO [0m:      	                         (15, 6.441594154588424e-05),
[92mINFO [0m:      	                         (16, 3.000519491742885e-05),
[92mINFO [0m:      	                         (17, 6.06490763238214e-05),
[92mINFO [0m:      	                         (18, 4.651221746221687e-05),
[92mINFO [0m:      	                         (19, 7.034221082406728e-05),
[92mINFO [0m:      	                         (20, 4.057934312164919e-05)],
[92mINFO [0m:      	 'global_auprc': [(1, 0.14066887702179018),
[92mINFO [0m:      	                  (2, 0.17643932127931214),
[92mINFO [0m:      	                  (3, 0.20844289909540095),
[92mINFO [0m:      	                  (4, 0.2445003190360609),
[92mINFO [0m:      	                  (5, 0.24942244425853918),
[92mINFO [0m:      	                  (6, 0.2588542003112023),
[92mINFO [0m:      	                  (7, 0.25472160186869086),
[92mINFO [0m:      	                  (8, 0.25513743922501336),
[92mINFO [0m:      	                  (9, 0.25408804197980434),
[92mINFO [0m:      	                  (10, 0.2520848442994436),
[92mINFO [0m:      	                  (11, 0.25264212979173506),
[92mINFO [0m:      	                  (12, 0.2492066251203243),
[92mINFO [0m:      	                  (13, 0.24370154447861186),
[92mINFO [0m:      	                  (14, 0.2431108465575082),
[92mINFO [0m:      	                  (15, 0.24133141632274915),
[92mINFO [0m:      	                  (16, 0.23940471369262403),
[92mINFO [0m:      	                  (17, 0.23629743403705364),
[92mINFO [0m:      	                  (18, 0.23308328988391122),
[92mINFO [0m:      	                  (19, 0.23177586729068125),
[92mINFO [0m:      	                  (20, 0.23697626867721935)],
[92mINFO [0m:      	 'global_auprc_variance': [(1, 1.4329209404598763e-05),
[92mINFO [0m:      	                           (2, 5.438056718683985e-05),
[92mINFO [0m:      	                           (3, 5.400783995194378e-05),
[92mINFO [0m:      	                           (4, 1.6852352980724725e-05),
[92mINFO [0m:      	                           (5, 2.8297256707561472e-05),
[92mINFO [0m:      	                           (6, 7.67380581465757e-06),
[92mINFO [0m:      	                           (7, 2.980089475091983e-05),
[92mINFO [0m:      	                           (8, 2.561997515069985e-06),
[92mINFO [0m:      	                           (9, 1.6924915415434977e-07),
[92mINFO [0m:      	                           (10, 4.868740283677431e-06),
[92mINFO [0m:      	                           (11, 3.815417620373679e-06),
[92mINFO [0m:      	                           (12, 1.376832206358764e-06),
[92mINFO [0m:      	                           (13, 1.7637081501051456e-05),
[92mINFO [0m:      	                           (14, 1.2686065092952918e-05),
[92mINFO [0m:      	                           (15, 2.420358775372283e-05),
[92mINFO [0m:      	                           (16, 2.8083848283255238e-06),
[92mINFO [0m:      	                           (17, 1.6884145715151282e-05),
[92mINFO [0m:      	                           (18, 7.705230337147774e-06),
[92mINFO [0m:      	                           (19, 1.4325436023772622e-05),
[92mINFO [0m:      	                           (20, 8.252024909769352e-07)],
[92mINFO [0m:      	 'global_f1': [(1, 0.1960772896398143),
[92mINFO [0m:      	               (2, 0.23996315315016187),
[92mINFO [0m:      	               (3, 0.25772539323738075),
[92mINFO [0m:      	               (4, 0.28749188023541666),
[92mINFO [0m:      	               (5, 0.3050585712601408),
[92mINFO [0m:      	               (6, 0.3072183402537619),
[92mINFO [0m:      	               (7, 0.2988835904168503),
[92mINFO [0m:      	               (8, 0.302603573094382),
[92mINFO [0m:      	               (9, 0.3000725597491343),
[92mINFO [0m:      	               (10, 0.3004529524348854),
[92mINFO [0m:      	               (11, 0.29507745397749247),
[92mINFO [0m:      	               (12, 0.2947150832112428),
[92mINFO [0m:      	               (13, 0.28243549307229515),
[92mINFO [0m:      	               (14, 0.28608034267430815),
[92mINFO [0m:      	               (15, 0.2802865324536913),
[92mINFO [0m:      	               (16, 0.2820835794921947),
[92mINFO [0m:      	               (17, 0.2811261054115643),
[92mINFO [0m:      	               (18, 0.2738692080956868),
[92mINFO [0m:      	               (19, 0.2703011484339236),
[92mINFO [0m:      	               (20, 0.2737857291454942)],
[92mINFO [0m:      	 'global_f1_variance': [(1, 9.965808385985811e-06),
[92mINFO [0m:      	                        (2, 3.437247840508237e-05),
[92mINFO [0m:      	                        (3, 5.296707872090568e-05),
[92mINFO [0m:      	                        (4, 4.0083403324172565e-05),
[92mINFO [0m:      	                        (5, 6.987509100574789e-05),
[92mINFO [0m:      	                        (6, 5.844758131980391e-05),
[92mINFO [0m:      	                        (7, 0.00018616354536087236),
[92mINFO [0m:      	                        (8, 7.966191066561587e-05),
[92mINFO [0m:      	                        (9, 0.00019229553465374672),
[92mINFO [0m:      	                        (10, 7.673808311101369e-05),
[92mINFO [0m:      	                        (11, 0.0002085646419278426),
[92mINFO [0m:      	                        (12, 0.00015369243709310466),
[92mINFO [0m:      	                        (13, 3.105226728945936e-05),
[92mINFO [0m:      	                        (14, 3.219062627497863e-06),
[92mINFO [0m:      	                        (15, 1.8785954958434314e-05),
[92mINFO [0m:      	                        (16, 0.00015651459659579353),
[92mINFO [0m:      	                        (17, 9.78709341551041e-06),
[92mINFO [0m:      	                        (18, 0.0003635239847031894),
[92mINFO [0m:      	                        (19, 4.389238578854244e-05),
[92mINFO [0m:      	                        (20, 0.00021549272664381352)],
[92mINFO [0m:      	 'global_jaccard': [(1, 0.11352309557611483),
[92mINFO [0m:      	                    (2, 0.14214155040988694),
[92mINFO [0m:      	                    (3, 0.15398544193505834),
[92mINFO [0m:      	                    (4, 0.17414593769880093),
[92mINFO [0m:      	                    (5, 0.18558064522459675),
[92mINFO [0m:      	                    (6, 0.18787878422409182),
[92mINFO [0m:      	                    (7, 0.18293570892414493),
[92mINFO [0m:      	                    (8, 0.18440360034258996),
[92mINFO [0m:      	                    (9, 0.1839046281010418),
[92mINFO [0m:      	                    (10, 0.18427997324392237),
[92mINFO [0m:      	                    (11, 0.180287220246737),
[92mINFO [0m:      	                    (12, 0.1793613832384416),
[92mINFO [0m:      	                    (13, 0.17237264094396595),
[92mINFO [0m:      	                    (14, 0.17393631555862782),
[92mINFO [0m:      	                    (15, 0.17060434131261762),
[92mINFO [0m:      	                    (16, 0.17133989343964423),
[92mINFO [0m:      	                    (17, 0.170618028558878),
[92mINFO [0m:      	                    (18, 0.1655684318820655),
[92mINFO [0m:      	                    (19, 0.16362457097346048),
[92mINFO [0m:      	                    (20, 0.1654843260576011)],
[92mINFO [0m:      	 'global_jaccard_variance': [(1, 3.5378839065093776e-06),
[92mINFO [0m:      	                             (2, 1.3255240045467428e-05),
[92mINFO [0m:      	                             (3, 2.562061048982324e-05),
[92mINFO [0m:      	                             (4, 1.5789461662326143e-05),
[92mINFO [0m:      	                             (5, 2.7256793815901123e-05),
[92mINFO [0m:      	                             (6, 1.76776059862361e-05),
[92mINFO [0m:      	                             (7, 5.813590151025979e-05),
[92mINFO [0m:      	                             (8, 2.799806590831305e-05),
[92mINFO [0m:      	                             (9, 6.068752105742916e-05),
[92mINFO [0m:      	                             (10, 2.1601444420989195e-05),
[92mINFO [0m:      	                             (11, 7.850236039280069e-05),
[92mINFO [0m:      	                             (12, 6.188178956807466e-05),
[92mINFO [0m:      	                             (13, 1.8329135624606543e-05),
[92mINFO [0m:      	                             (14, 6.147101695472566e-07),
[92mINFO [0m:      	                             (15, 3.4455029977758975e-06),
[92mINFO [0m:      	                             (16, 5.572758430349849e-05),
[92mINFO [0m:      	                             (17, 7.425849560344197e-07),
[92mINFO [0m:      	                             (18, 0.00013790896641789003),
[92mINFO [0m:      	                             (19, 1.625550567130783e-05),
[92mINFO [0m:      	                             (20, 7.80330357139182e-05)],
[92mINFO [0m:      	 'global_precision': [(1, 0.12983065082544656),
[92mINFO [0m:      	                      (2, 0.17067304182587506),
[92mINFO [0m:      	                      (3, 0.19029621522125975),
[92mINFO [0m:      	                      (4, 0.21400542719909926),
[92mINFO [0m:      	                      (5, 0.24666911976764383),
[92mINFO [0m:      	                      (6, 0.2459944317483607),
[92mINFO [0m:      	                      (7, 0.2505297680349594),
[92mINFO [0m:      	                      (8, 0.24797519639476767),
[92mINFO [0m:      	                      (9, 0.23548733951988474),
[92mINFO [0m:      	                      (10, 0.26723097726956624),
[92mINFO [0m:      	                      (11, 0.23797758322911475),
[92mINFO [0m:      	                      (12, 0.2627036682946601),
[92mINFO [0m:      	                      (13, 0.23029662795661043),
[92mINFO [0m:      	                      (14, 0.22601264919318953),
[92mINFO [0m:      	                      (15, 0.22953222395930362),
[92mINFO [0m:      	                      (16, 0.23556536632786376),
[92mINFO [0m:      	                      (17, 0.237337042129911),
[92mINFO [0m:      	                      (18, 0.22241128288386536),
[92mINFO [0m:      	                      (19, 0.22670231506037147),
[92mINFO [0m:      	                      (20, 0.2300983969705094)],
[92mINFO [0m:      	 'global_precision_variance': [(1, 1.966642954105994e-05),
[92mINFO [0m:      	                               (2, 2.541017478506485e-05),
[92mINFO [0m:      	                               (3, 6.070813002517981e-05),
[92mINFO [0m:      	                               (4, 3.740086251786481e-05),
[92mINFO [0m:      	                               (5, 0.00011822026705394626),
[92mINFO [0m:      	                               (6, 2.914823780685616e-05),
[92mINFO [0m:      	                               (7, 0.00023558840288984698),
[92mINFO [0m:      	                               (8, 8.361724808637802e-05),
[92mINFO [0m:      	                               (9, 0.00013006461878867473),
[92mINFO [0m:      	                               (10, 0.0009054482653158235),
[92mINFO [0m:      	                               (11, 0.00011394204885770497),
[92mINFO [0m:      	                               (12, 0.0012130555817449731),
[92mINFO [0m:      	                               (13, 0.0006246695326513407),
[92mINFO [0m:      	                               (14, 0.00028378045625518557),
[92mINFO [0m:      	                               (15, 0.00030900276354431876),
[92mINFO [0m:      	                               (16, 0.00014522650114839503),
[92mINFO [0m:      	                               (17, 0.0005152306268956415),
[92mINFO [0m:      	                               (18, 2.6511933580213896e-05),
[92mINFO [0m:      	                               (19, 2.1150987132102566e-06),
[92mINFO [0m:      	                               (20, 0.0006264229382710044)],
[92mINFO [0m:      	 'global_recall': [(1, 0.5175560308152939),
[92mINFO [0m:      	                   (2, 0.4770806718077152),
[92mINFO [0m:      	                   (3, 0.4746124896204861),
[92mINFO [0m:      	                   (4, 0.5138477685032745),
[92mINFO [0m:      	                   (5, 0.48243341319988575),
[92mINFO [0m:      	                   (6, 0.4791589155765172),
[92mINFO [0m:      	                   (7, 0.4410412741853461),
[92mINFO [0m:      	                   (8, 0.46766542102911507),
[92mINFO [0m:      	                   (9, 0.46262823262332287),
[92mINFO [0m:      	                   (10, 0.4407050711171213),
[92mINFO [0m:      	                   (11, 0.4636183477655089),
[92mINFO [0m:      	                   (12, 0.4811073021423884),
[92mINFO [0m:      	                   (13, 0.4581187719945868),
[92mINFO [0m:      	                   (14, 0.47571899694292374),
[92mINFO [0m:      	                   (15, 0.4671217668361451),
[92mINFO [0m:      	                   (16, 0.45151439823880957),
[92mINFO [0m:      	                   (17, 0.44649269690718707),
[92mINFO [0m:      	                   (18, 0.446645752406769),
[92mINFO [0m:      	                   (19, 0.40083804477310586),
[92mINFO [0m:      	                   (20, 0.462322113922438)],
[92mINFO [0m:      	 'global_recall_variance': [(1, 0.002073311880219718),
[92mINFO [0m:      	                            (2, 0.002327534726229451),
[92mINFO [0m:      	                            (3, 0.0006294149801069675),
[92mINFO [0m:      	                            (4, 0.0011833108737211257),
[92mINFO [0m:      	                            (5, 0.00018452655007773918),
[92mINFO [0m:      	                            (6, 5.09511477565886e-05),
[92mINFO [0m:      	                            (7, 0.002022017135854881),
[92mINFO [0m:      	                            (8, 0.0009197803674211644),
[92mINFO [0m:      	                            (9, 0.0012834765792303694),
[92mINFO [0m:      	                            (10, 1.0835117577189577e-05),
[92mINFO [0m:      	                            (11, 0.002494140717123898),
[92mINFO [0m:      	                            (12, 0.0009420578911923472),
[92mINFO [0m:      	                            (13, 0.002562116684631059),
[92mINFO [0m:      	                            (14, 0.0018241660195608687),
[92mINFO [0m:      	                            (15, 0.006513519948593879),
[92mINFO [0m:      	                            (16, 0.0052297378563667014),
[92mINFO [0m:      	                            (17, 0.0029591398870056802),
[92mINFO [0m:      	                            (18, 0.005279460216596617),
[92mINFO [0m:      	                            (19, 0.00023302335882524782),
[92mINFO [0m:      	                            (20, 0.005957869185707091)]}
[92mINFO [0m:      
I0420 21:57:41.718396 1447160 fork_posix.cc:71] Other threads are currently calling into gRPC, skipping fork() handlers
Federated metrics saved to federated_metrics.json
